<?xml version="1.0" encoding="UTF-8"?>
<!-- Generated by org.testng.reporters.JUnitReportReporter -->
<testsuite hostname="DESKTOP-MNDUO7T" failures="0" tests="2" name="tests.LoginTest" time="1.545" errors="0" timestamp="2024-12-11T21:20:33 IST" skipped="0">
  <testcase classname="tests.LoginTest" name="tc01_loginSucceed" time="1.231"/>
  <system-out/>
  <testcase classname="tests.LoginTest" name="tc02_loginFailed" time="0.314"/>
  <system-out/>
</testsuite> <!-- tests.LoginTest -->
